<?xml version="1.0" encoding="UTF-8" ?>
<testsuite errors="0" failures="0" name="net.javacoding.jspider.core.impl.PluginInstantiatorTest" tests="4" time="0.099">
  <properties>
[...]
</properties>
  <testcase name="testDefaultConstructor" time="0.056"></testcase>
  <testcase name="testNameConstructor" time="0.0030"></testcase>
  <testcase name="testConfigConstructor" time="0.0030"></testcase>
  <testcase name="testNameConfigConstructor" time="0.0030"></testcase>
  <system-out><![CDATA[]]></system-out>
  <system-err><![CDATA[[Engine] jspider.home=dist/prepared
[Engine] default output folder=dist/prepared/output
[Engine] starting with configuration 'unittest'
]]></system-err>
</testsuite>
