<?xml version="1.0" encoding="UTF-8" ?>
<testsuites>
  <testsuite errors="0" failures="0" name="WorkerThreadTest" package="net.javacoding.jspider.core.threading" tests="10" time="1.448">
  
    <properties>
[...]
</properties>

      <testcase name="testDoubleAssign" time="0.144"></testcase>

      <testcase name="testAvailable" time="0.111"></testcase>

      <testcase name="testStopRunning" time="0.109"></testcase>

      <testcase name="testStopRunningNotStarted" time="0.0"></testcase>

      <testcase name="testAssignNotStarted" time="0.0010"></testcase>

      <testcase name="testAssignAfterStop" time="0.107"></testcase>

      <testcase name="testInitialState" time="0.0010"></testcase>

      <testcase name="testBlockedState" time="0.219"></testcase>

      <testcase name="testBusyState" time="0.22"></testcase>

      <testcase name="testIdleStateAfterTask" time="0.22"></testcase>

      <system-out></system-out>

      <system-err></system-err>

  </testsuite>
  <testsuite errors="0" failures="0" name="WorkerThreadPoolTest" package="net.javacoding.jspider.core.threading" tests="8" time="7.561">
  
    <properties>
[...]
</properties>

      <testcase name="testWorkerThreadPoolInstantiation" time="0.035"></testcase>

      <testcase name="testWorkerThreadPoolSize" time="0.0040"></testcase>

      <testcase name="testWorkerThreadOccupation" time="0.0040"></testcase>

      <testcase name="testDispatcherThread" time="0.247"></testcase>

      <testcase name="testThreadedCountingNonDispatchedSmall" time="0.0090"></testcase>

      <testcase name="testThreadedCountingNonDispatchedLarge" time="3.652"></testcase>

      <testcase name="testThreadedCountingDispatchedSmall" time="0.016"></testcase>

      <testcase name="testThreadedCountingDispatchedLarge" time="3.565"></testcase>

      <system-out></system-out>

      <system-err></system-err>

  </testsuite>
  <testsuite errors="0" failures="0" name="PluginInstantiatorTest" package="net.javacoding.jspider.core.impl" tests="4" time="0.099">
  
    <properties>
[...]
</properties>

      <testcase name="testDefaultConstructor" time="0.056"></testcase>

      <testcase name="testNameConstructor" time="0.0030"></testcase>

      <testcase name="testConfigConstructor" time="0.0030"></testcase>

      <testcase name="testNameConfigConstructor" time="0.0030"></testcase>

      <system-out></system-out>

      <system-err><![CDATA[[Engine] jspider.home=dist/prepared
[Engine] default output folder=dist/prepared/output
[Engine] starting with configuration 'unittest'
]]></system-err>

  </testsuite>
  <testsuite errors="0" failures="0" name="DecisionImplTest" package="net.javacoding.jspider.core.rule.impl" tests="22" time="0.04">
  
    <properties>
[...]
</properties>

      <testcase name="testDefaultDecision" time="0.0050"></testcase>

      <testcase name="testVetoableDefault" time="0.0"></testcase>

      <testcase name="testVetoableDontCare" time="0.0"></testcase>

      <testcase name="testVetoableAccept" time="0.0"></testcase>

      <testcase name="testVetoableIgnore" time="0.0"></testcase>

      <testcase name="testVetoableForbidden" time="0.0"></testcase>

      <testcase name="testMergeDontCareDontCare" time="0.0010"></testcase>

      <testcase name="testMergeDontCareAccept" time="0.0"></testcase>

      <testcase name="testMergeDontCareIgnore" time="0.0"></testcase>

      <testcase name="testMergeDontCareForbidden" time="0.0"></testcase>

      <testcase name="testMergeAcceptDontCare" time="0.0"></testcase>

      <testcase name="testMergeAcceptAccept" time="0.0"></testcase>

      <testcase name="testMergeAcceptIgnore" time="0.0010"></testcase>

      <testcase name="testMergeAcceptForbidden" time="0.0"></testcase>

      <testcase name="testMergeIgnoreDontCare" time="0.0"></testcase>

      <testcase name="testMergeIgnoreAccept" time="0.0"></testcase>

      <testcase name="testMergeIgnoreIgnore" time="0.0"></testcase>

      <testcase name="testMergeIgnoreForbidden" time="0.0"></testcase>

      <testcase name="testMergeForbiddenDontCare" time="0.0"></testcase>

      <testcase name="testMergeForbiddenAccept" time="0.0010"></testcase>

      <testcase name="testMergeForbiddenIgnore" time="0.0"></testcase>

      <testcase name="testMergeForbiddenForbidden" time="0.0"></testcase>

      <system-out></system-out>

      <system-err></system-err>

  </testsuite>
  <testsuite errors="0" failures="0" name="EMailAddressUtilTest" package="net.javacoding.jspider.core.util" tests="18" time="0.055">
  
    <properties>
[...]
</properties>

      <testcase name="testIsEmailAddressSimple" time="0.0060"></testcase>

      <testcase name="testIsEmailAddressSimpleNoHost" time="0.0010"></testcase>

      <testcase name="testIsEmailAddressSimpleBadHost" time="0.0"></testcase>

      <testcase name="testIsEmailAddressError" time="0.0"></testcase>

      <testcase name="testIsEmailAddressErrorDoubleAt" time="0.0010"></testcase>

      <testcase name="testGetEmailAddressSimple" time="0.0"></testcase>

      <testcase name="testIsFixableEmailAddressSimple" time="0.0010"></testcase>

      <testcase name="testIsFixableEmailAddressSimpleNoHost" time="0.0"></testcase>

      <testcase name="testIsFixableEmailAddressSimpleBadHost" time="0.0010"></testcase>

      <testcase name="testIsFixableEmailAddressError" time="0.0"></testcase>

      <testcase name="testIsFixableEmailAddressErrorDoubleAt" time="0.0"></testcase>

      <testcase name="testIsFixableEmailAddressSimpleNoProto" time="0.0020"></testcase>

      <testcase name="testIsFixableEmailAddressSimpleNoHostNoProto" time="0.0"></testcase>

      <testcase name="testIsFixableEmailAddressSimpleBadHostNoProto" time="0.0010"></testcase>

      <testcase name="testIsFixableEmailAddressErrorNoProto" time="0.0"></testcase>

      <testcase name="testIsFixableEmailAddressErrorDoubleAtNoProto" time="0.0010"></testcase>

      <testcase name="testFixEmailAddressSimple" time="0.0"></testcase>

      <testcase name="testFixEmailAddressSimpleNoProto" time="0.0010"></testcase>

      <system-out></system-out>

      <system-err></system-err>

  </testsuite>
  <testsuite errors="0" failures="0" name="RobotsTXTLineSetTest" package="net.javacoding.jspider.core.util.html" tests="10" time="0.043">
  
    <properties>
[...]
</properties>

      <testcase name="testSimpleRobotsTXT" time="0.0090"></testcase>

      <testcase name="testSimpleRobotsTXTViaInputStream" time="0.0010"></testcase>

      <testcase name="testUserAgentSelection1" time="0.0010"></testcase>

      <testcase name="testUserAgentSelection2" time="0.0"></testcase>

      <testcase name="testUserAgentSelection3" time="0.0010"></testcase>

      <testcase name="testUserAgentSelectionEmptyString" time="0.0"></testcase>

      <testcase name="testUserAgentSelectionNullString" time="0.0010"></testcase>

      <testcase name="testUserAgentNotListed" time="0.0"></testcase>

      <testcase name="testEmptyRobotsTXT" time="0.0010"></testcase>

      <testcase name="testCommentEmptyRobotsTXT" time="0.0"></testcase>

      <system-out></system-out>

      <system-err></system-err>

  </testsuite>
  <testsuite errors="0" failures="0" name="RobotsTXTLineTest" package="net.javacoding.jspider.core.util.html" tests="17" time="0.082">
  
    <properties>
[...]
</properties>

      <testcase name="testSimpleAllow" time="0.0040"></testcase>

      <testcase name="testSimpleAllowCaseSensitivity" time="0.0010"></testcase>

      <testcase name="testSimpleDisallow" time="0.0"></testcase>

      <testcase name="testSimpleDisallowCaseSensitivity" time="0.0"></testcase>

      <testcase name="testSimpleAllowWithoutSpace" time="0.0010"></testcase>

      <testcase name="testSimpleDisallowWithoutSpace" time="0.0"></testcase>

      <testcase name="testErroneousAllowDisallow" time="0.0"></testcase>

      <testcase name="testEmptyString" time="0.0010"></testcase>

      <testcase name="testOnlyAllow" time="0.0"></testcase>

      <testcase name="testOnlyDisAllow" time="0.0"></testcase>

      <testcase name="testNullString" time="0.0010"></testcase>

      <testcase name="testSimpleMatch" time="0.0"></testcase>

      <testcase name="testSimpleMatchWithFolder" time="0.0010"></testcase>

      <testcase name="testSimpleMatchCaseSensitivity" time="0.0"></testcase>

      <testcase name="testSimpleNoMatch" time="0.0010"></testcase>

      <testcase name="testRootMatch" time="0.0"></testcase>

      <testcase name="testRootMatchWithTrailingSlash" time="0.0"></testcase>

      <system-out></system-out>

      <system-err></system-err>

  </testsuite>
  <testsuite errors="0" failures="0" name="URLFinderTest" package="net.javacoding.jspider.core.util.html" tests="26" time="0.13">
  
    <properties>
[...]
</properties>

      <testcase name="testStringWithNoURL" time="0.0050"></testcase>

      <testcase name="testStringWithBaseButNoURL" time="0.01"></testcase>

      <testcase name="testStringWithBaseButNoURLCaseSensitivity" time="0.0010"></testcase>

      <testcase name="testStringWithBaseInFolderButNoURL" time="0.0010"></testcase>

      <testcase name="testStringWithNoURLNullBaseURL" time="0.0"></testcase>

      <testcase name="testStringWithOneURL" time="0.061"></testcase>

      <testcase name="testStringWithOneURLNullBaseURL" time="0.0010"></testcase>

      <testcase name="testStringWithOneURLAndBaseURLWithFile" time="0.0"></testcase>

      <testcase name="testStringWithOneURLAndBaseURLWithFolder" time="0.0010"></testcase>

      <testcase name="testStringWithOneURLAndBaseURLWithFolderAndSlash" time="0.0010"></testcase>

      <testcase name="testStringWithTwoURLs" time="0.0010"></testcase>

      <testcase name="testStringWithTwoURLsNullBaseURL" time="0.0010"></testcase>

      <testcase name="testStringSingleQuote" time="0.0"></testcase>

      <testcase name="testStringDoubleQuote" time="0.0010"></testcase>

      <testcase name="testStringDoubleNoQuotes" time="0.0"></testcase>

      <testcase name="testStringBadlyQuoted1" time="0.0010"></testcase>

      <testcase name="testStringBadlyQuoted2" time="0.0"></testcase>

      <testcase name="testStringBadlyQuoted3" time="0.0010"></testcase>

      <testcase name="testStringBadlyQuoted4" time="0.0010"></testcase>

      <testcase name="testStringBadlyQuoted5" time="0.0"></testcase>

      <testcase name="testStringBadlyQuoted6" time="0.0010"></testcase>

      <testcase name="testMalformed" time="0.0020"></testcase>

      <testcase name="testTwoMalformed" time="0.0030"></testcase>

      <testcase name="testWellformedAndMalformed" time="0.0020"></testcase>

      <testcase name="testWellformedAndMalformedWithBaseURL" time="0.0020"></testcase>

      <testcase name="testWithBaseURL" time="0.0020"></testcase>

      <system-out></system-out>

      <system-err></system-err>

  </testsuite>
  <testsuite errors="0" failures="0" name="URLUtilTest" package="net.javacoding.jspider.core.util" tests="53" time="0.055">
  
    <properties>
[...]
</properties>

      <testcase name="testNormalizeNullURL" time="0.0050"></testcase>

      <testcase name="testNormalizeSimpleURL" time="0.0040"></testcase>

      <testcase name="testNormalizeURLWithBackSlashes" time="0.0010"></testcase>

      <testcase name="testNormalizeURLWithParams" time="0.0"></testcase>

      <testcase name="testNormalizeURLWithFolderAndParams" time="0.0010"></testcase>

      <testcase name="testNormalizeURLWithFolderAndTrailingSlashAndParams" time="0.0"></testcase>

      <testcase name="testNormalizeSingleDotFolder" time="0.0010"></testcase>

      <testcase name="testNormalizeMultipleDotFolder" time="0.0"></testcase>

      <testcase name="testNormalizeTrailingSlash" time="0.0010"></testcase>

      <testcase name="testNormalizeCombinedFunctionality" time="0.0010"></testcase>

      <testcase name="testSiteURLFromSimpleURL" time="0.0"></testcase>

      <testcase name="testSiteURLFromNullURL" time="0.0"></testcase>

      <testcase name="testSiteURLFromSiteURL" time="0.0"></testcase>

      <testcase name="testSiteURLFromSiteURLWithTrailingSlash" time="0.0"></testcase>

      <testcase name="testSiteURLFromSimpleURLWithPort" time="0.0010"></testcase>

      <testcase name="testSiteURLFromSiteURLWithPort" time="0.0"></testcase>

      <testcase name="testSiteURLFromSiteURLWithPortAndTrailingSlash" time="0.0010"></testcase>

      <testcase name="testSiteURLFromFtpURLWithPortAndTrailingSlash" time="0.0010"></testcase>

      <testcase name="testGetRobotsTXTUrlSimple" time="0.0010"></testcase>

      <testcase name="testGetRobotsTXTUrlFromNullURL" time="0.0"></testcase>

      <testcase name="testGetRobotsTXTUrlTrailingSlash" time="0.0010"></testcase>

      <testcase name="testGetRobotsTXTUrlWithPort" time="0.0"></testcase>

      <testcase name="testGetRobotsTXTUrlWithPortAndTrailingSlash" time="0.0010"></testcase>

      <testcase name="testGetRobotsTXTUrlWithFolders" time="0.0"></testcase>

      <testcase name="testGetRobotsTXTUrlWithPortAndFolders" time="0.0010"></testcase>

      <testcase name="testStripResourceNullResource" time="0.0"></testcase>

      <testcase name="testStripResourceSimple" time="0.0"></testcase>

      <testcase name="testStripResourceTrailingSlash" time="0.0010"></testcase>

      <testcase name="testStripResourceOnlySlash" time="0.0"></testcase>

      <testcase name="testStripResourceOnlyFolder" time="0.0"></testcase>

      <testcase name="testDepthSimple" time="0.0010"></testcase>

      <testcase name="testDepthSimpleDeeper" time="0.0"></testcase>

      <testcase name="testDepthFileOnRoot" time="0.0"></testcase>

      <testcase name="testDepthRoot" time="0.0"></testcase>

      <testcase name="testDepthRootTrailingSlash" time="0.0"></testcase>

      <testcase name="testDepthNullURL" time="0.0"></testcase>

      <testcase name="testDepthNoFile" time="0.0"></testcase>

      <testcase name="testDepthNoFileTrailingSlash" time="0.0"></testcase>

      <testcase name="testIfFileSpecifiedSimple" time="0.0"></testcase>

      <testcase name="testIfFileSpecifiedFolder" time="0.0010"></testcase>

      <testcase name="testIfFileSpecifiedFolderTrailingSlash" time="0.0"></testcase>

      <testcase name="testIfFileSpecifiedFolderAndFolderWithDot" time="0.0"></testcase>

      <testcase name="testGetFolderNamesSimple" time="0.0020"></testcase>

      <testcase name="testGetFolderNamesURLWithoutFile" time="0.0010"></testcase>

      <testcase name="testGetFolderNamesURLWithoutFileTrailingSlash" time="0.0"></testcase>

      <testcase name="testGetFolderNamesOnRoot" time="0.0"></testcase>

      <testcase name="testGetFolderNamesOnRootTrailingSlash" time="0.0"></testcase>

      <testcase name="testGetFolderNamesFileOnRoot" time="0.0"></testcase>

      <testcase name="testGetFolderNamesFolderOnRoot" time="0.0010"></testcase>

      <testcase name="testGetFileNameSimple" time="0.0"></testcase>

      <testcase name="testGetFileNameInSubfolders" time="0.0"></testcase>

      <testcase name="testGetFileNameInTrickySubfolders" time="0.0010"></testcase>

      <testcase name="testGetFileNameNoFile" time="0.0"></testcase>

      <system-out></system-out>

      <system-err></system-err>

  </testsuite>
  <testsuite errors="0" failures="0" name="CookieUtilTest" package="net.javacoding.jspider.core.util.http" tests="9" time="0.034">
  
    <properties>
[...]
</properties>

      <testcase name="testNullCookieStringArray" time="0.0070"></testcase>

      <testcase name="testNullCookieString" time="0.0"></testcase>

      <testcase name="testEmptyCookieStringArray" time="0.0"></testcase>

      <testcase name="testEmptyCookieString" time="0.0010"></testcase>

      <testcase name="testSpacesCookieStringArray" time="0.0"></testcase>

      <testcase name="testSpacesCookieString" time="0.0"></testcase>

      <testcase name="testSimpleCookie" time="0.0020"></testcase>

      <testcase name="testFullCookie" time="0.0"></testcase>

      <testcase name="testMultipleCookies" time="0.0010"></testcase>

      <system-out></system-out>

      <system-err></system-err>

  </testsuite>
  <testsuite errors="0" failures="0" name="StringUtilTest" package="net.javacoding.jspider.core.util" tests="12" time="0.033">
  
    <properties>
[...]
</properties>

      <testcase name="testDoNothing" time="0.0040"></testcase>

      <testcase name="testSimple" time="0.0"></testcase>

      <testcase name="testBeginning" time="0.0"></testcase>

      <testcase name="testEnd" time="0.0"></testcase>

      <testcase name="testMultiple" time="0.0"></testcase>

      <testcase name="testSmall" time="0.0"></testcase>

      <testcase name="testReplacementIncludesPattern" time="0.0"></testcase>

      <testcase name="testPatternIncludesReplacement" time="0.0010"></testcase>

      <testcase name="testReplacementZeroSizeString" time="0.0"></testcase>

      <testcase name="testReplacementZeroSizePattern" time="0.0"></testcase>

      <testcase name="testReplacementNullString" time="0.0"></testcase>

      <testcase name="testReplacementNullPattern" time="0.0010"></testcase>

      <system-out></system-out>

      <system-err></system-err>

  </testsuite>
  <testsuite errors="0" failures="0" name="Base64EncoderTest" package="net.javacoding.jspider.core.util" tests="6" time="0.03">
  
    <properties>
[...]
</properties>

      <testcase name="testSimpleString" time="0.0040"></testcase>

      <testcase name="testLongString" time="0.0010"></testcase>

      <testcase name="testByteArray" time="0.0010"></testcase>

      <testcase name="testLongByteArray" time="0.0"></testcase>

      <testcase name="testStringNull" time="0.0"></testcase>

      <testcase name="testByteArrayNull" time="0.0010"></testcase>

      <system-out></system-out>

      <system-err></system-err>

  </testsuite>
  <testsuite errors="0" failures="0" name="OnlyHttpProtocolRuleTest" package="net.javacoding.jspider.mod.rule" tests="2" time="0.08">
  
    <properties>
[...]
</properties>

      <testcase name="testHttpURL" time="0.031"></testcase>

      <testcase name="testFtpURL" time="0.0010"></testcase>

      <system-out></system-out>

      <system-err></system-err>

  </testsuite>
  <testsuite errors="0" failures="0" name="OnlyDeeperInSiteRuleTest" package="net.javacoding.jspider.mod.rule" tests="4" time="0.058">
  
    <properties>
[...]
</properties>

      <testcase name="testEqualURL" time="0.037"></testcase>

      <testcase name="testDeeperURL" time="0.0"></testcase>

      <testcase name="testHigherURL" time="0.0"></testcase>

      <testcase name="testSameLevelURL" time="0.0"></testcase>

      <system-out></system-out>

      <system-err></system-err>

  </testsuite>
  <testsuite errors="0" failures="0" name="ExternallyReferencedOnlyRuleTest" package="net.javacoding.jspider.mod.rule" tests="5" time="0.053">
  
    <properties>
[...]
</properties>

      <testcase name="testBaseSiteInternal" time="0.026"></testcase>

      <testcase name="testBaseSiteExternal" time="0.0"></testcase>

      <testcase name="testNonBaseSiteInternal" time="0.0010"></testcase>

      <testcase name="testNonBaseSiteExternal" time="0.0"></testcase>

      <testcase name="testNullSiteURL" time="0.0010"></testcase>

      <system-out></system-out>

      <system-err></system-err>

  </testsuite>
  <testsuite errors="0" failures="0" name="MaxNumberOfURLParamsRuleTest" package="net.javacoding.jspider.mod.rule" tests="12" time="0.096">
  
    <properties>
[...]
</properties>

      <testcase name="testNoParams" time="0.056"></testcase>

      <testcase name="testQuestionMarkOneAllowed" time="0.0"></testcase>

      <testcase name="testFileWithQuestionMarkOneAllowed" time="0.0"></testcase>

      <testcase name="testQuestionMarkZeroAllowed" time="0.0010"></testcase>

      <testcase name="testFileWithQuestionMarkZeroAllowed" time="0.0"></testcase>

      <testcase name="testNoParamsZeroAllowed" time="0.0010"></testcase>

      <testcase name="testSingleParam" time="0.0"></testcase>

      <testcase name="testSingleParamOneAllowed" time="0.0"></testcase>

      <testcase name="testSingleParamZeroAllowed" time="0.0"></testcase>

      <testcase name="testWithParams" time="0.0"></testcase>

      <testcase name="testWithParamsOnBoundary" time="0.0010"></testcase>

      <testcase name="testWithParamsViolation" time="0.0"></testcase>

      <system-out></system-out>

      <system-err><![CDATA[[Engine] jspider.home=dist/prepared
[Engine] default output folder=dist/prepared/output
[Engine] starting with configuration 'unittest'
]]></system-err>

  </testsuite>
  <testsuite errors="0" failures="0" name="BoundedDepthRuleTest" package="net.javacoding.jspider.mod.rule" tests="8" time="0.045">
  
    <properties>
[...]
</properties>

      <testcase name="testSimple" time="0.021"></testcase>

      <testcase name="testMaxOK" time="0.0"></testcase>

      <testcase name="testMaxOnBoundary" time="0.0"></testcase>

      <testcase name="testMaxError" time="0.0"></testcase>

      <testcase name="testMinOK" time="0.0"></testcase>

      <testcase name="testMinOnBoundary" time="0.0"></testcase>

      <testcase name="testBothOnBoundary" time="0.0"></testcase>

      <testcase name="testMinError" time="0.0"></testcase>

      <system-out></system-out>

      <system-err></system-err>

  </testsuite>
  <testsuite errors="0" failures="0" name="InternallyReferencedOnlyRuleTest" package="net.javacoding.jspider.mod.rule" tests="5" time="0.046">
  
    <properties>
[...]
</properties>

      <testcase name="testBaseSiteInternal" time="0.026"></testcase>

      <testcase name="testBaseSiteExternal" time="0.0"></testcase>

      <testcase name="testNonBaseSiteInternal" time="0.0"></testcase>

      <testcase name="testNonBaseSiteExternal" time="0.0"></testcase>

      <testcase name="testNullSiteURL" time="0.0"></testcase>

      <system-out></system-out>

      <system-err></system-err>

  </testsuite>
  <testsuite errors="0" failures="0" name="BaseSiteOnlyRuleTest" package="net.javacoding.jspider.mod.rule" tests="4" time="0.049">
  
    <properties>
[...]
</properties>

      <testcase name="testBaseSite" time="0.026"></testcase>

      <testcase name="testBaseSiteOtherContext" time="0.0"></testcase>

      <testcase name="testOtherSite" time="0.0"></testcase>

      <testcase name="testOtherSiteOtherContext" time="0.0030"></testcase>

      <system-out></system-out>

      <system-err></system-err>

  </testsuite>
  <testsuite errors="0" failures="0" name="MaxResourcesPerSiteRuleTest" package="net.javacoding.jspider.mod.rule" tests="4" time="0.131">
  
    <properties>
[...]
</properties>

      <testcase name="testSimple" time="0.067"></testcase>

      <testcase name="testSimpleViolation" time="0.0010"></testcase>

      <testcase name="testZeroAllowed" time="0.0"></testcase>

      <testcase name="testTwoSites" time="0.042"></testcase>

      <system-out></system-out>

      <system-err><![CDATA[[Engine] jspider.home=dist/prepared
[Engine] default output folder=dist/prepared/output
[Engine] starting with configuration 'unittest'
]]></system-err>

  </testsuite>
  <testsuite errors="0" failures="0" name="ForbiddenPathRuleTest" package="net.javacoding.jspider.mod.rule" tests="5" time="0.044">
  
    <properties>
[...]
</properties>

      <testcase name="testSimple" time="0.021"></testcase>

      <testcase name="testForbidden" time="0.0"></testcase>

      <testcase name="testForbiddenRoot" time="0.0010"></testcase>

      <testcase name="testForbiddenRootHomePage" time="0.0"></testcase>

      <testcase name="testForbiddenRootHomePageWithSlash" time="0.0010"></testcase>

      <system-out></system-out>

      <system-err></system-err>

  </testsuite>
  <testsuite errors="0" failures="0" name="NoURLParamsRuleTest" package="net.javacoding.jspider.mod.rule" tests="8" time="0.038">
  
    <properties>
[...]
</properties>

      <testcase name="testNoParams" time="0.011"></testcase>

      <testcase name="testSingleParam" time="0.0"></testcase>

      <testcase name="testRootNoParams" time="0.0"></testcase>

      <testcase name="testRootNoParamsWithSlash" time="0.0010"></testcase>

      <testcase name="testDoubleParam" time="0.0"></testcase>

      <testcase name="testQuestionMarkOnly" time="0.0"></testcase>

      <testcase name="testQuestionMarkOnlyOnFolder" time="0.0010"></testcase>

      <testcase name="testQuestionMarkOnlyOnFolderWithSlash" time="0.0"></testcase>

      <system-out></system-out>

      <system-err></system-err>

  </testsuite>
  <testsuite errors="0" failures="0" name="RobotsTXTTest" package="net.javacoding.jspider.functional.specific.robotstxt" tests="10" time="8.798">
  
    <properties>
[...]
</properties>

      <testcase name="testAllowedNormalUserAgent" time="1.567"></testcase>

      <testcase name="testDisallowedResourceNormalUserAgent" time="0.398"></testcase>

      <testcase name="testDisallowedFolderNormalUserAgent" time="0.403"></testcase>

      <testcase name="testSometimesAllowedResourceNormalUserAgent" time="0.912"></testcase>

      <testcase name="testSometimesAllowedFolderNormalUserAgent" time="0.903"></testcase>

      <testcase name="testAllowedTestUserAgent" time="0.894"></testcase>

      <testcase name="testDisallowedResourceTestUserAgent" time="0.432"></testcase>

      <testcase name="testDisallowedFolderTestUserAgent" time="0.427"></testcase>

      <testcase name="testSometimesAllowedResourceTestUserAgent" time="0.929"></testcase>

      <testcase name="testSometimesAllowedFolderTestUserAgent" time="0.931"></testcase>

      <system-out><![CDATA[JUnit Plugin : class net.javacoding.jspider.api.event.engine.SpideringStartedEvent
JUnit Plugin : class net.javacoding.jspider.api.event.site.SiteDiscoveredEvent
JUnit Plugin : class net.javacoding.jspider.api.event.resource.ResourceDiscoveredEvent
JUnit Plugin : class net.javacoding.jspider.api.event.resource.ResourceDiscoveredEvent
JUnit Plugin : class net.javacoding.jspider.api.event.resource.ResourceFetchedEvent
JUnit Plugin : class net.javacoding.jspider.api.event.site.RobotsTXTFetchedEvent
JUnit Plugin : class net.javacoding.jspider.api.event.site.UserAgentObeyedEvent
JUnit Plugin : class net.javacoding.jspider.api.event.resource.ResourceFetchedEvent
JUnit Plugin : class net.javacoding.jspider.api.event.resource.ResourceParsedEvent
JUnit Plugin : class net.javacoding.jspider.api.event.engine.SpideringSummaryEvent
JUnit Plugin : class net.javacoding.jspider.api.event.engine.SpideringStoppedEvent
JUnit Plugin : class net.javacoding.jspider.api.event.engine.SpideringStartedEvent
JUnit Plugin : class net.javacoding.jspider.api.event.site.SiteDiscoveredEvent
JUnit Plugin : class net.javacoding.jspider.api.event.resource.ResourceDiscoveredEvent
JUnit Plugin : class net.javacoding.jspider.api.event.resource.ResourceDiscoveredEvent
JUnit Plugin : class net.javacoding.jspider.api.event.resource.ResourceFetchedEvent
JUnit Plugin : class net.javacoding.jspider.api.event.site.RobotsTXTFetchedEvent
JUnit Plugin : class net.javacoding.jspider.api.event.site.UserAgentObeyedEvent
JUnit Plugin : class net.javacoding.jspider.api.event.resource.ResourceForbiddenEvent
JUnit Plugin : class net.javacoding.jspider.api.event.engine.SpideringSummaryEvent
JUnit Plugin : class net.javacoding.jspider.api.event.engine.SpideringStoppedEvent
JUnit Plugin : class net.javacoding.jspider.api.event.engine.SpideringStartedEvent
JUnit Plugin : class net.javacoding.jspider.api.event.site.SiteDiscoveredEvent
JUnit Plugin : class net.javacoding.jspider.api.event.resource.ResourceDiscoveredEvent
JUnit Plugin : class net.javacoding.jspider.api.event.resource.ResourceDiscoveredEvent
JUnit Plugin : class net.javacoding.jspider.api.event.resource.ResourceFetchedEvent
JUnit Plugin : class net.javacoding.jspider.api.event.site.RobotsTXTFetchedEvent
JUnit Plugin : class net.javacoding.jspider.api.event.site.UserAgentObeyedEvent
JUnit Plugin : class net.javacoding.jspider.api.event.resource.ResourceForbiddenEvent
JUnit Plugin : class net.javacoding.jspider.api.event.engine.SpideringSummaryEvent
JUnit Plugin : class net.javacoding.jspider.api.event.engine.SpideringStoppedEvent
JUnit Plugin : class net.javacoding.jspider.api.event.engine.SpideringStartedEvent
JUnit Plugin : class net.javacoding.jspider.api.event.site.SiteDiscoveredEvent
JUnit Plugin : class net.javacoding.jspider.api.event.resource.ResourceDiscoveredEvent
JUnit Plugin : class net.javacoding.jspider.api.event.resource.ResourceDiscoveredEvent
JUnit Plugin : class net.javacoding.jspider.api.event.resource.ResourceFetchedEvent
JUnit Plugin : class net.javacoding.jspider.api.event.site.RobotsTXTFetchedEvent
JUnit Plugin : class net.javacoding.jspider.api.event.site.UserAgentObeyedEvent
JUnit Plugin : class net.javacoding.jspider.api.event.resource.ResourceFetchedEvent
JUnit Plugin : class net.javacoding.jspider.api.event.resource.ResourceParsedEvent
JUnit Plugin : class net.javacoding.jspider.api.event.engine.SpideringSummaryEvent
JUnit Plugin : class net.javacoding.jspider.api.event.engine.SpideringStoppedEvent
JUnit Plugin : class net.javacoding.jspider.api.event.engine.SpideringStartedEvent
JUnit Plugin : class net.javacoding.jspider.api.event.site.SiteDiscoveredEvent
JUnit Plugin : class net.javacoding.jspider.api.event.resource.ResourceDiscoveredEvent
JUnit Plugin : class net.javacoding.jspider.api.event.resource.ResourceDiscoveredEvent
JUnit Plugin : class net.javacoding.jspider.api.event.resource.ResourceFetchedEvent
JUnit Plugin : class net.javacoding.jspider.api.event.site.RobotsTXTFetchedEvent
JUnit Plugin : class net.javacoding.jspider.api.event.site.UserAgentObeyedEvent
JUnit Plugin : class net.javacoding.jspider.api.event.resource.ResourceFetchedEvent
JUnit Plugin : class net.javacoding.jspider.api.event.resource.ResourceParsedEvent
JUnit Plugin : class net.javacoding.jspider.api.event.engine.SpideringSummaryEvent
JUnit Plugin : class net.javacoding.jspider.api.event.engine.SpideringStoppedEvent
JUnit Plugin : class net.javacoding.jspider.api.event.engine.SpideringStartedEvent
JUnit Plugin : class net.javacoding.jspider.api.event.site.SiteDiscoveredEvent
JUnit Plugin : class net.javacoding.jspider.api.event.resource.ResourceDiscoveredEvent
JUnit Plugin : class net.javacoding.jspider.api.event.resource.ResourceDiscoveredEvent
JUnit Plugin : class net.javacoding.jspider.api.event.resource.ResourceFetchedEvent
JUnit Plugin : class net.javacoding.jspider.api.event.site.RobotsTXTFetchedEvent
JUnit Plugin : class net.javacoding.jspider.api.event.site.UserAgentObeyedEvent
JUnit Plugin : class net.javacoding.jspider.api.event.resource.ResourceFetchedEvent
JUnit Plugin : class net.javacoding.jspider.api.event.resource.ResourceParsedEvent
JUnit Plugin : class net.javacoding.jspider.api.event.engine.SpideringSummaryEvent
JUnit Plugin : class net.javacoding.jspider.api.event.engine.SpideringStoppedEvent
JUnit Plugin : class net.javacoding.jspider.api.event.engine.SpideringStartedEvent
JUnit Plugin : class net.javacoding.jspider.api.event.site.SiteDiscoveredEvent
JUnit Plugin : class net.javacoding.jspider.api.event.resource.ResourceDiscoveredEvent
JUnit Plugin : class net.javacoding.jspider.api.event.resource.ResourceDiscoveredEvent
JUnit Plugin : class net.javacoding.jspider.api.event.resource.ResourceFetchedEvent
JUnit Plugin : class net.javacoding.jspider.api.event.site.RobotsTXTFetchedEvent
JUnit Plugin : class net.javacoding.jspider.api.event.site.UserAgentObeyedEvent
JUnit Plugin : class net.javacoding.jspider.api.event.resource.ResourceForbiddenEvent
JUnit Plugin : class net.javacoding.jspider.api.event.engine.SpideringSummaryEvent
JUnit Plugin : class net.javacoding.jspider.api.event.engine.SpideringStoppedEvent
JUnit Plugin : class net.javacoding.jspider.api.event.engine.SpideringStartedEvent
JUnit Plugin : class net.javacoding.jspider.api.event.site.SiteDiscoveredEvent
JUnit Plugin : class net.javacoding.jspider.api.event.resource.ResourceDiscoveredEvent
JUnit Plugin : class net.javacoding.jspider.api.event.resource.ResourceDiscoveredEvent
JUnit Plugin : class net.javacoding.jspider.api.event.resource.ResourceFetchedEvent
JUnit Plugin : class net.javacoding.jspider.api.event.site.RobotsTXTFetchedEvent
JUnit Plugin : class net.javacoding.jspider.api.event.site.UserAgentObeyedEvent
JUnit Plugin : class net.javacoding.jspider.api.event.resource.ResourceForbiddenEvent
JUnit Plugin : class net.javacoding.jspider.api.event.engine.SpideringSummaryEvent
JUnit Plugin : class net.javacoding.jspider.api.event.engine.SpideringStoppedEvent
JUnit Plugin : class net.javacoding.jspider.api.event.engine.SpideringStartedEvent
JUnit Plugin : class net.javacoding.jspider.api.event.site.SiteDiscoveredEvent
JUnit Plugin : class net.javacoding.jspider.api.event.resource.ResourceDiscoveredEvent
JUnit Plugin : class net.javacoding.jspider.api.event.resource.ResourceDiscoveredEvent
JUnit Plugin : class net.javacoding.jspider.api.event.resource.ResourceFetchedEvent
JUnit Plugin : class net.javacoding.jspider.api.event.site.RobotsTXTFetchedEvent
JUnit Plugin : class net.javacoding.jspider.api.event.site.UserAgentObeyedEvent
JUnit Plugin : class net.javacoding.jspider.api.event.resource.ResourceFetchedEvent
JUnit Plugin : class net.javacoding.jspider.api.event.resource.ResourceParsedEvent
JUnit Plugin : class net.javacoding.jspider.api.event.engine.SpideringSummaryEvent
JUnit Plugin : class net.javacoding.jspider.api.event.engine.SpideringStoppedEvent
JUnit Plugin : class net.javacoding.jspider.api.event.engine.SpideringStartedEvent
JUnit Plugin : class net.javacoding.jspider.api.event.site.SiteDiscoveredEvent
JUnit Plugin : class net.javacoding.jspider.api.event.resource.ResourceDiscoveredEvent
JUnit Plugin : class net.javacoding.jspider.api.event.resource.ResourceDiscoveredEvent
JUnit Plugin : class net.javacoding.jspider.api.event.resource.ResourceFetchedEvent
JUnit Plugin : class net.javacoding.jspider.api.event.site.RobotsTXTFetchedEvent
JUnit Plugin : class net.javacoding.jspider.api.event.site.UserAgentObeyedEvent
JUnit Plugin : class net.javacoding.jspider.api.event.resource.ResourceFetchedEvent
JUnit Plugin : class net.javacoding.jspider.api.event.resource.ResourceParsedEvent
JUnit Plugin : class net.javacoding.jspider.api.event.engine.SpideringSummaryEvent
JUnit Plugin : class net.javacoding.jspider.api.event.engine.SpideringStoppedEvent
]]></system-out>

      <system-err><![CDATA[setUp
[Engine] jspider.home=.
[Engine] default output folder=./output
[Engine] starting with configuration 'unittest'
tearDown
setUp
[Engine] jspider.home=.
[Engine] default output folder=./output
[Engine] starting with configuration 'unittest'
tearDown
setUp
[Engine] jspider.home=.
[Engine] default output folder=./output
[Engine] starting with configuration 'unittest'
tearDown
setUp
[Engine] jspider.home=.
[Engine] default output folder=./output
[Engine] starting with configuration 'unittest'
tearDown
setUp
[Engine] jspider.home=.
[Engine] default output folder=./output
[Engine] starting with configuration 'unittest'
tearDown
setUp
[Engine] jspider.home=.
[Engine] default output folder=./output
[Engine] starting with configuration 'unittest'
tearDown
setUp
[Engine] jspider.home=.
[Engine] default output folder=./output
[Engine] starting with configuration 'unittest'
tearDown
setUp
[Engine] jspider.home=.
[Engine] default output folder=./output
[Engine] starting with configuration 'unittest'
tearDown
setUp
[Engine] jspider.home=.
[Engine] default output folder=./output
[Engine] starting with configuration 'unittest'
tearDown
setUp
[Engine] jspider.home=.
[Engine] default output folder=./output
[Engine] starting with configuration 'unittest'
tearDown
]]></system-err>

  </testsuite>
  <testsuite errors="0" failures="0" name="ParseTest" package="net.javacoding.jspider.functional.specific.parse" tests="3" time="4.39">
  
    <properties>
[...]
</properties>

      <testcase name="testSimpleParse" time="1.549"></testcase>

      <testcase name="testSimpleParseWithEMailAddresses" time="0.908"></testcase>

      <testcase name="testMalformedParse" time="0.943"></testcase>

      <system-out><![CDATA[JUnit Plugin : class net.javacoding.jspider.api.event.engine.SpideringStartedEvent
JUnit Plugin : class net.javacoding.jspider.api.event.site.SiteDiscoveredEvent
JUnit Plugin : class net.javacoding.jspider.api.event.resource.ResourceDiscoveredEvent
JUnit Plugin : class net.javacoding.jspider.api.event.resource.ResourceDiscoveredEvent
JUnit Plugin : class net.javacoding.jspider.api.event.resource.ResourceFetchedEvent
JUnit Plugin : class net.javacoding.jspider.api.event.site.RobotsTXTFetchedEvent
JUnit Plugin : class net.javacoding.jspider.api.event.site.UserAgentObeyedEvent
JUnit Plugin : class net.javacoding.jspider.api.event.resource.ResourceFetchedEvent
JUnit Plugin : class net.javacoding.jspider.api.event.resource.ResourceReferenceDiscoveredEvent
JUnit Plugin : class net.javacoding.jspider.api.event.resource.ResourceReferenceDiscoveredEvent
JUnit Plugin : class net.javacoding.jspider.api.event.resource.ResourceReferenceDiscoveredEvent
JUnit Plugin : class net.javacoding.jspider.api.event.resource.ResourceReferenceDiscoveredEvent
JUnit Plugin : class net.javacoding.jspider.api.event.resource.ResourceReferenceDiscoveredEvent
JUnit Plugin : class net.javacoding.jspider.api.event.resource.ResourceReferenceDiscoveredEvent
JUnit Plugin : class net.javacoding.jspider.api.event.resource.ResourceParsedEvent
JUnit Plugin : class net.javacoding.jspider.api.event.engine.SpideringSummaryEvent
JUnit Plugin : class net.javacoding.jspider.api.event.engine.SpideringStoppedEvent
JUnit Plugin : class net.javacoding.jspider.api.event.engine.SpideringStartedEvent
JUnit Plugin : class net.javacoding.jspider.api.event.site.SiteDiscoveredEvent
JUnit Plugin : class net.javacoding.jspider.api.event.resource.ResourceDiscoveredEvent
JUnit Plugin : class net.javacoding.jspider.api.event.resource.ResourceDiscoveredEvent
JUnit Plugin : class net.javacoding.jspider.api.event.resource.ResourceFetchedEvent
JUnit Plugin : class net.javacoding.jspider.api.event.site.RobotsTXTFetchedEvent
JUnit Plugin : class net.javacoding.jspider.api.event.site.UserAgentObeyedEvent
JUnit Plugin : class net.javacoding.jspider.api.event.resource.ResourceFetchedEvent
JUnit Plugin : class net.javacoding.jspider.api.event.resource.EMailAddressDiscoveredEvent
JUnit Plugin : class net.javacoding.jspider.api.event.resource.EMailAddressReferenceDiscoveredEvent
JUnit Plugin : class net.javacoding.jspider.api.event.resource.EMailAddressDiscoveredEvent
JUnit Plugin : class net.javacoding.jspider.api.event.resource.EMailAddressReferenceDiscoveredEvent
JUnit Plugin : class net.javacoding.jspider.api.event.resource.EMailAddressReferenceDiscoveredEvent
JUnit Plugin : class net.javacoding.jspider.api.event.resource.ResourceParsedEvent
JUnit Plugin : class net.javacoding.jspider.api.event.engine.SpideringSummaryEvent
JUnit Plugin : class net.javacoding.jspider.api.event.engine.SpideringStoppedEvent
JUnit Plugin : class net.javacoding.jspider.api.event.engine.SpideringStartedEvent
JUnit Plugin : class net.javacoding.jspider.api.event.site.SiteDiscoveredEvent
JUnit Plugin : class net.javacoding.jspider.api.event.resource.ResourceDiscoveredEvent
JUnit Plugin : class net.javacoding.jspider.api.event.resource.ResourceDiscoveredEvent
JUnit Plugin : class net.javacoding.jspider.api.event.resource.ResourceFetchedEvent
JUnit Plugin : class net.javacoding.jspider.api.event.site.RobotsTXTFetchedEvent
JUnit Plugin : class net.javacoding.jspider.api.event.site.UserAgentObeyedEvent
JUnit Plugin : class net.javacoding.jspider.api.event.resource.ResourceFetchedEvent
JUnit Plugin : class net.javacoding.jspider.api.event.resource.ResourceReferenceDiscoveredEvent
JUnit Plugin : class net.javacoding.jspider.api.event.resource.ResourceReferenceDiscoveredEvent
JUnit Plugin : class net.javacoding.jspider.api.event.resource.ResourceReferenceDiscoveredEvent
JUnit Plugin : class net.javacoding.jspider.api.event.resource.ResourceReferenceDiscoveredEvent
JUnit Plugin : class net.javacoding.jspider.api.event.resource.ResourceReferenceDiscoveredEvent
JUnit Plugin : class net.javacoding.jspider.api.event.resource.ResourceReferenceDiscoveredEvent
JUnit Plugin : class net.javacoding.jspider.api.event.resource.ResourceReferenceDiscoveredEvent
JUnit Plugin : class net.javacoding.jspider.api.event.resource.ResourceReferenceDiscoveredEvent
JUnit Plugin : class net.javacoding.jspider.api.event.resource.ResourceReferenceDiscoveredEvent
JUnit Plugin : class net.javacoding.jspider.api.event.resource.ResourceReferenceDiscoveredEvent
JUnit Plugin : class net.javacoding.jspider.api.event.resource.ResourceReferenceDiscoveredEvent
JUnit Plugin : class net.javacoding.jspider.api.event.resource.ResourceParsedEvent
JUnit Plugin : class net.javacoding.jspider.api.event.engine.SpideringSummaryEvent
JUnit Plugin : class net.javacoding.jspider.api.event.engine.SpideringStoppedEvent
]]></system-out>

      <system-err><![CDATA[setUp
[Engine] jspider.home=.
[Engine] default output folder=./output
[Engine] starting with configuration 'unittest'
tearDown
setUp
[Engine] jspider.home=.
[Engine] default output folder=./output
[Engine] starting with configuration 'unittest'
tearDown
setUp
[Engine] jspider.home=.
[Engine] default output folder=./output
[Engine] starting with configuration 'unittest'
tearDown
]]></system-err>

  </testsuite>
  <testsuite errors="0" failures="0" name="BaseURLParseTest" package="net.javacoding.jspider.functional.specific.parse" tests="4" time="9.306">
  
    <properties>
[...]
</properties>

      <testcase name="testWithFileReference" time="2.492"></testcase>

      <testcase name="testWithFolderReferenceAndSlash" time="1.947"></testcase>

      <testcase name="testWithFolderReferenceNoSlash" time="2.43"></testcase>

      <testcase name="testMalformed" time="1.439"></testcase>

      <system-out><![CDATA[JUnit Plugin : class net.javacoding.jspider.api.event.engine.SpideringStartedEvent
JUnit Plugin : class net.javacoding.jspider.api.event.site.SiteDiscoveredEvent
JUnit Plugin : class net.javacoding.jspider.api.event.resource.ResourceDiscoveredEvent
JUnit Plugin : class net.javacoding.jspider.api.event.resource.ResourceDiscoveredEvent
JUnit Plugin : class net.javacoding.jspider.api.event.resource.ResourceFetchedEvent
JUnit Plugin : class net.javacoding.jspider.api.event.site.RobotsTXTFetchedEvent
JUnit Plugin : class net.javacoding.jspider.api.event.site.UserAgentObeyedEvent
JUnit Plugin : class net.javacoding.jspider.api.event.resource.ResourceFetchedEvent
JUnit Plugin : class net.javacoding.jspider.api.event.resource.ResourceDiscoveredEvent
JUnit Plugin : class net.javacoding.jspider.api.event.resource.ResourceReferenceDiscoveredEvent
JUnit Plugin : class net.javacoding.jspider.api.event.resource.ResourceDiscoveredEvent
JUnit Plugin : class net.javacoding.jspider.api.event.resource.ResourceReferenceDiscoveredEvent
JUnit Plugin : class net.javacoding.jspider.api.event.resource.ResourceParsedEvent
JUnit Plugin : class net.javacoding.jspider.api.event.resource.ResourceFetchedEvent
JUnit Plugin : class net.javacoding.jspider.api.event.resource.ResourceParsedEvent
JUnit Plugin : class net.javacoding.jspider.api.event.resource.ResourceFetchedEvent
JUnit Plugin : class net.javacoding.jspider.api.event.resource.ResourceParsedEvent
JUnit Plugin : class net.javacoding.jspider.api.event.engine.SpideringSummaryEvent
JUnit Plugin : class net.javacoding.jspider.api.event.engine.SpideringStoppedEvent
JUnit Plugin : class net.javacoding.jspider.api.event.engine.SpideringStartedEvent
JUnit Plugin : class net.javacoding.jspider.api.event.site.SiteDiscoveredEvent
JUnit Plugin : class net.javacoding.jspider.api.event.resource.ResourceDiscoveredEvent
JUnit Plugin : class net.javacoding.jspider.api.event.resource.ResourceDiscoveredEvent
JUnit Plugin : class net.javacoding.jspider.api.event.resource.ResourceFetchedEvent
JUnit Plugin : class net.javacoding.jspider.api.event.site.RobotsTXTFetchedEvent
JUnit Plugin : class net.javacoding.jspider.api.event.site.UserAgentObeyedEvent
JUnit Plugin : class net.javacoding.jspider.api.event.resource.ResourceFetchedEvent
JUnit Plugin : class net.javacoding.jspider.api.event.resource.ResourceDiscoveredEvent
JUnit Plugin : class net.javacoding.jspider.api.event.resource.ResourceReferenceDiscoveredEvent
JUnit Plugin : class net.javacoding.jspider.api.event.resource.ResourceDiscoveredEvent
JUnit Plugin : class net.javacoding.jspider.api.event.resource.ResourceReferenceDiscoveredEvent
JUnit Plugin : class net.javacoding.jspider.api.event.resource.ResourceParsedEvent
JUnit Plugin : class net.javacoding.jspider.api.event.resource.ResourceFetchedEvent
JUnit Plugin : class net.javacoding.jspider.api.event.resource.ResourceParsedEvent
JUnit Plugin : class net.javacoding.jspider.api.event.resource.ResourceFetchedEvent
JUnit Plugin : class net.javacoding.jspider.api.event.resource.ResourceParsedEvent
JUnit Plugin : class net.javacoding.jspider.api.event.engine.SpideringSummaryEvent
JUnit Plugin : class net.javacoding.jspider.api.event.engine.SpideringStoppedEvent
JUnit Plugin : class net.javacoding.jspider.api.event.engine.SpideringStartedEvent
JUnit Plugin : class net.javacoding.jspider.api.event.site.SiteDiscoveredEvent
JUnit Plugin : class net.javacoding.jspider.api.event.resource.ResourceDiscoveredEvent
JUnit Plugin : class net.javacoding.jspider.api.event.resource.ResourceDiscoveredEvent
JUnit Plugin : class net.javacoding.jspider.api.event.resource.ResourceFetchedEvent
JUnit Plugin : class net.javacoding.jspider.api.event.site.RobotsTXTFetchedEvent
JUnit Plugin : class net.javacoding.jspider.api.event.site.UserAgentObeyedEvent
JUnit Plugin : class net.javacoding.jspider.api.event.resource.ResourceFetchedEvent
JUnit Plugin : class net.javacoding.jspider.api.event.resource.ResourceDiscoveredEvent
JUnit Plugin : class net.javacoding.jspider.api.event.resource.ResourceReferenceDiscoveredEvent
JUnit Plugin : class net.javacoding.jspider.api.event.resource.ResourceDiscoveredEvent
JUnit Plugin : class net.javacoding.jspider.api.event.resource.ResourceReferenceDiscoveredEvent
JUnit Plugin : class net.javacoding.jspider.api.event.resource.ResourceParsedEvent
JUnit Plugin : class net.javacoding.jspider.api.event.resource.ResourceDiscoveredEvent
JUnit Plugin : class net.javacoding.jspider.api.event.resource.ResourceReferenceDiscoveredEvent
JUnit Plugin : class net.javacoding.jspider.api.event.resource.ResourceFetchedEvent
JUnit Plugin : class net.javacoding.jspider.api.event.resource.ResourceReferenceDiscoveredEvent
JUnit Plugin : class net.javacoding.jspider.api.event.resource.ResourceParsedEvent
JUnit Plugin : class net.javacoding.jspider.api.event.resource.ResourceFetchedEvent
JUnit Plugin : class net.javacoding.jspider.api.event.resource.ResourceParsedEvent
JUnit Plugin : class net.javacoding.jspider.api.event.resource.ResourceFetchedEvent
JUnit Plugin : class net.javacoding.jspider.api.event.resource.ResourceParsedEvent
JUnit Plugin : class net.javacoding.jspider.api.event.engine.SpideringSummaryEvent
JUnit Plugin : class net.javacoding.jspider.api.event.engine.SpideringStoppedEvent
JUnit Plugin : class net.javacoding.jspider.api.event.engine.SpideringStartedEvent
JUnit Plugin : class net.javacoding.jspider.api.event.site.SiteDiscoveredEvent
JUnit Plugin : class net.javacoding.jspider.api.event.resource.ResourceDiscoveredEvent
JUnit Plugin : class net.javacoding.jspider.api.event.resource.ResourceDiscoveredEvent
JUnit Plugin : class net.javacoding.jspider.api.event.resource.ResourceFetchedEvent
JUnit Plugin : class net.javacoding.jspider.api.event.site.RobotsTXTFetchedEvent
JUnit Plugin : class net.javacoding.jspider.api.event.site.UserAgentObeyedEvent
JUnit Plugin : class net.javacoding.jspider.api.event.resource.ResourceFetchedEvent
JUnit Plugin : class net.javacoding.jspider.api.event.resource.MalformedBaseURLFoundEvent
JUnit Plugin : class net.javacoding.jspider.api.event.resource.MalformedURLFoundEvent
JUnit Plugin : class net.javacoding.jspider.api.event.resource.ResourceDiscoveredEvent
JUnit Plugin : class net.javacoding.jspider.api.event.resource.ResourceReferenceDiscoveredEvent
JUnit Plugin : class net.javacoding.jspider.api.event.resource.ResourceParsedEvent
JUnit Plugin : class net.javacoding.jspider.api.event.resource.ResourceFetchErrorEvent
net.javacoding.jspider.api.event.resource.ResourceFetchErrorEvent resource http://j-spider.sourceforge.net/testcases/specific/parse/testSimpleFetch.html couldn't be fetched [404]
JUnit Plugin : class net.javacoding.jspider.api.event.engine.SpideringSummaryEvent
JUnit Plugin : class net.javacoding.jspider.api.event.engine.SpideringStoppedEvent
]]></system-out>

      <system-err><![CDATA[setUp
[Engine] jspider.home=.
[Engine] default output folder=./output
[Engine] starting with configuration 'unittest'
tearDown
setUp
[Engine] jspider.home=.
[Engine] default output folder=./output
[Engine] starting with configuration 'unittest'
tearDown
setUp
[Engine] jspider.home=.
[Engine] default output folder=./output
[Engine] starting with configuration 'unittest'
tearDown
setUp
[Engine] jspider.home=.
[Engine] default output folder=./output
[Engine] starting with configuration 'unittest'
tearDown
]]></system-err>

  </testsuite>
  <testsuite errors="0" failures="0" name="CookieTest" package="net.javacoding.jspider.functional.specific.general" tests="3" time="6.262">
  
    <properties>
[...]
</properties>

      <testcase name="testWithCookies" time="2.137"></testcase>

      <testcase name="testWithoutCookies" time="1.708"></testcase>

      <testcase name="testMultipleCookies" time="1.429"></testcase>

      <system-out><![CDATA[JUnit Plugin : class net.javacoding.jspider.api.event.engine.SpideringStartedEvent
JUnit Plugin : class net.javacoding.jspider.api.event.site.SiteDiscoveredEvent
JUnit Plugin : class net.javacoding.jspider.api.event.resource.ResourceDiscoveredEvent
JUnit Plugin : class net.javacoding.jspider.api.event.resource.ResourceDiscoveredEvent
JUnit Plugin : class net.javacoding.jspider.api.event.resource.ResourceFetchedEvent
JUnit Plugin : class net.javacoding.jspider.api.event.site.RobotsTXTFetchedEvent
JUnit Plugin : class net.javacoding.jspider.api.event.site.UserAgentObeyedEvent
JUnit Plugin : class net.javacoding.jspider.api.event.resource.ResourceFetchedEvent
JUnit Plugin : class net.javacoding.jspider.api.event.resource.ResourceDiscoveredEvent
JUnit Plugin : class net.javacoding.jspider.api.event.resource.ResourceReferenceDiscoveredEvent
JUnit Plugin : class net.javacoding.jspider.api.event.resource.ResourceParsedEvent
JUnit Plugin : class net.javacoding.jspider.api.event.resource.ResourceFetchedEvent
URL = http://j-spider.sourceforge.net/testcases/specific/general/testCookies2.php, saving cookie!
JUnit Plugin : class net.javacoding.jspider.api.event.resource.ResourceParsedEvent
JUnit Plugin : class net.javacoding.jspider.api.event.engine.SpideringSummaryEvent
JUnit Plugin : class net.javacoding.jspider.api.event.engine.SpideringStoppedEvent
JUnit Plugin : class net.javacoding.jspider.api.event.engine.SpideringStartedEvent
JUnit Plugin : class net.javacoding.jspider.api.event.site.SiteDiscoveredEvent
JUnit Plugin : class net.javacoding.jspider.api.event.resource.ResourceDiscoveredEvent
JUnit Plugin : class net.javacoding.jspider.api.event.resource.ResourceDiscoveredEvent
JUnit Plugin : class net.javacoding.jspider.api.event.resource.ResourceFetchedEvent
JUnit Plugin : class net.javacoding.jspider.api.event.site.RobotsTXTFetchedEvent
JUnit Plugin : class net.javacoding.jspider.api.event.site.UserAgentObeyedEvent
JUnit Plugin : class net.javacoding.jspider.api.event.resource.ResourceFetchedEvent
JUnit Plugin : class net.javacoding.jspider.api.event.resource.ResourceDiscoveredEvent
JUnit Plugin : class net.javacoding.jspider.api.event.resource.ResourceReferenceDiscoveredEvent
JUnit Plugin : class net.javacoding.jspider.api.event.resource.ResourceParsedEvent
JUnit Plugin : class net.javacoding.jspider.api.event.resource.ResourceFetchedEvent
URL = http://j-spider.sourceforge.net/testcases/specific/general/testCookies2.php, saving cookie!
JUnit Plugin : class net.javacoding.jspider.api.event.resource.ResourceParsedEvent
JUnit Plugin : class net.javacoding.jspider.api.event.engine.SpideringSummaryEvent
JUnit Plugin : class net.javacoding.jspider.api.event.engine.SpideringStoppedEvent
JUnit Plugin : class net.javacoding.jspider.api.event.engine.SpideringStartedEvent
JUnit Plugin : class net.javacoding.jspider.api.event.site.SiteDiscoveredEvent
JUnit Plugin : class net.javacoding.jspider.api.event.resource.ResourceDiscoveredEvent
JUnit Plugin : class net.javacoding.jspider.api.event.resource.ResourceDiscoveredEvent
JUnit Plugin : class net.javacoding.jspider.api.event.resource.ResourceFetchedEvent
JUnit Plugin : class net.javacoding.jspider.api.event.site.RobotsTXTFetchedEvent
JUnit Plugin : class net.javacoding.jspider.api.event.site.UserAgentObeyedEvent
JUnit Plugin : class net.javacoding.jspider.api.event.resource.ResourceFetchedEvent
JUnit Plugin : class net.javacoding.jspider.api.event.resource.ResourceDiscoveredEvent
JUnit Plugin : class net.javacoding.jspider.api.event.resource.ResourceReferenceDiscoveredEvent
JUnit Plugin : class net.javacoding.jspider.api.event.resource.ResourceParsedEvent
JUnit Plugin : class net.javacoding.jspider.api.event.resource.ResourceFetchedEvent
URL = http://j-spider.sourceforge.net/testcases/specific/general/testMultipleCookies2.php, saving cookie!
JUnit Plugin : class net.javacoding.jspider.api.event.resource.ResourceParsedEvent
JUnit Plugin : class net.javacoding.jspider.api.event.engine.SpideringSummaryEvent
JUnit Plugin : class net.javacoding.jspider.api.event.engine.SpideringStoppedEvent
]]></system-out>

      <system-err><![CDATA[setUp
[Engine] jspider.home=.
[Engine] default output folder=./output
[Engine] starting with configuration 'unittest'
tearDown
setUp
[Engine] jspider.home=.
[Engine] default output folder=./output
[Engine] starting with configuration 'unittest'
tearDown
setUp
[Engine] jspider.home=.
[Engine] default output folder=./output
[Engine] starting with configuration 'unittest'
tearDown
]]></system-err>

  </testsuite>
  <testsuite errors="0" failures="0" name="UserAgentTest" package="net.javacoding.jspider.functional.specific.general" tests="3" time="4.352">
  
    <properties>
[...]
</properties>

      <testcase name="testUserAgentNormalAgent" time="1.537"></testcase>

      <testcase name="testUserAgentGlobalLevel" time="0.921"></testcase>

      <testcase name="testUserAgentSiteLevel" time="0.902"></testcase>

      <system-out><![CDATA[JUnit Plugin : class net.javacoding.jspider.api.event.engine.SpideringStartedEvent
JUnit Plugin : class net.javacoding.jspider.api.event.site.SiteDiscoveredEvent
JUnit Plugin : class net.javacoding.jspider.api.event.resource.ResourceDiscoveredEvent
JUnit Plugin : class net.javacoding.jspider.api.event.resource.ResourceDiscoveredEvent
JUnit Plugin : class net.javacoding.jspider.api.event.resource.ResourceFetchedEvent
>>>> RESOURCE FETCHED : http://j-spider.sourceforge.net/robots.txt
JUnit Plugin : class net.javacoding.jspider.api.event.site.RobotsTXTFetchedEvent
JUnit Plugin : class net.javacoding.jspider.api.event.site.UserAgentObeyedEvent
JUnit Plugin : class net.javacoding.jspider.api.event.resource.ResourceFetchedEvent
>>>> RESOURCE FETCHED : http://j-spider.sourceforge.net/testcases/specific/general/testUserAgent.php
FILE:
LINE:JSpider v0.5.0-dev (http://j-spider.sourceforge.net)
JUnit Plugin : class net.javacoding.jspider.api.event.resource.ResourceParsedEvent
JUnit Plugin : class net.javacoding.jspider.api.event.engine.SpideringSummaryEvent
JUnit Plugin : class net.javacoding.jspider.api.event.engine.SpideringStoppedEvent
JUnit Plugin : class net.javacoding.jspider.api.event.engine.SpideringStartedEvent
JUnit Plugin : class net.javacoding.jspider.api.event.site.SiteDiscoveredEvent
JUnit Plugin : class net.javacoding.jspider.api.event.resource.ResourceDiscoveredEvent
JUnit Plugin : class net.javacoding.jspider.api.event.resource.ResourceDiscoveredEvent
JUnit Plugin : class net.javacoding.jspider.api.event.resource.ResourceFetchedEvent
>>>> RESOURCE FETCHED : http://j-spider.sourceforge.net/robots.txt
JUnit Plugin : class net.javacoding.jspider.api.event.site.RobotsTXTFetchedEvent
JUnit Plugin : class net.javacoding.jspider.api.event.site.UserAgentObeyedEvent
JUnit Plugin : class net.javacoding.jspider.api.event.resource.ResourceFetchedEvent
>>>> RESOURCE FETCHED : http://j-spider.sourceforge.net/testcases/specific/general/testUserAgent.php
FILE:
LINE:JSpiderUnitTestGlobalLevel
JUnit Plugin : class net.javacoding.jspider.api.event.resource.ResourceParsedEvent
JUnit Plugin : class net.javacoding.jspider.api.event.engine.SpideringSummaryEvent
JUnit Plugin : class net.javacoding.jspider.api.event.engine.SpideringStoppedEvent
JUnit Plugin : class net.javacoding.jspider.api.event.engine.SpideringStartedEvent
JUnit Plugin : class net.javacoding.jspider.api.event.site.SiteDiscoveredEvent
JUnit Plugin : class net.javacoding.jspider.api.event.resource.ResourceDiscoveredEvent
JUnit Plugin : class net.javacoding.jspider.api.event.resource.ResourceDiscoveredEvent
JUnit Plugin : class net.javacoding.jspider.api.event.resource.ResourceFetchedEvent
>>>> RESOURCE FETCHED : http://j-spider.sourceforge.net/robots.txt
JUnit Plugin : class net.javacoding.jspider.api.event.site.RobotsTXTFetchedEvent
JUnit Plugin : class net.javacoding.jspider.api.event.site.UserAgentObeyedEvent
JUnit Plugin : class net.javacoding.jspider.api.event.resource.ResourceFetchedEvent
>>>> RESOURCE FETCHED : http://j-spider.sourceforge.net/testcases/specific/general/testUserAgent.php
FILE:
LINE:JSpiderUnitTestSiteLevel
JUnit Plugin : class net.javacoding.jspider.api.event.resource.ResourceParsedEvent
JUnit Plugin : class net.javacoding.jspider.api.event.engine.SpideringSummaryEvent
JUnit Plugin : class net.javacoding.jspider.api.event.engine.SpideringStoppedEvent
]]></system-out>

      <system-err><![CDATA[setUp
[Engine] jspider.home=.
[Engine] default output folder=./output
[Engine] starting with configuration 'unittest'
actual: JSpider v0.5.0-dev (http://j-spider.sourceforge.net)
expected: JSpider v0.5.0-dev (http://j-spider.sourceforge.net)
tearDown
setUp
[Engine] jspider.home=.
[Engine] default output folder=./output
[Engine] starting with configuration 'unittest'
actual: JSpiderUnitTestGlobalLevel
expected: JSpiderUnitTestGlobalLevel
tearDown
setUp
[Engine] jspider.home=.
[Engine] default output folder=./output
[Engine] starting with configuration 'unittest'
actual: JSpiderUnitTestSiteLevel
expected: JSpiderUnitTestSiteLevel
tearDown
]]></system-err>

  </testsuite>
  <testsuite errors="0" failures="0" name="ModelTest" package="net.javacoding.jspider.functional.specific.model" tests="1" time="4.142">
  
    <properties>
[...]
</properties>

      <testcase name="testSimpleParse" time="3.15"></testcase>

      <system-out><![CDATA[JUnit Plugin : class net.javacoding.jspider.api.event.engine.SpideringStartedEvent
JUnit Plugin : class net.javacoding.jspider.api.event.site.SiteDiscoveredEvent
JUnit Plugin : class net.javacoding.jspider.api.event.resource.ResourceDiscoveredEvent
JUnit Plugin : class net.javacoding.jspider.api.event.resource.ResourceDiscoveredEvent
JUnit Plugin : class net.javacoding.jspider.api.event.resource.ResourceFetchedEvent
JUnit Plugin : class net.javacoding.jspider.api.event.site.RobotsTXTFetchedEvent
JUnit Plugin : class net.javacoding.jspider.api.event.site.UserAgentObeyedEvent
JUnit Plugin : class net.javacoding.jspider.api.event.resource.ResourceFetchedEvent
JUnit Plugin : class net.javacoding.jspider.api.event.resource.ResourceDiscoveredEvent
JUnit Plugin : class net.javacoding.jspider.api.event.resource.ResourceReferenceDiscoveredEvent
JUnit Plugin : class net.javacoding.jspider.api.event.resource.ResourceDiscoveredEvent
JUnit Plugin : class net.javacoding.jspider.api.event.resource.ResourceReferenceDiscoveredEvent
JUnit Plugin : class net.javacoding.jspider.api.event.resource.ResourceParsedEvent
JUnit Plugin : class net.javacoding.jspider.api.event.resource.ResourceFetchedEvent
JUnit Plugin : class net.javacoding.jspider.api.event.resource.ResourceReferenceDiscoveredEvent
JUnit Plugin : class net.javacoding.jspider.api.event.resource.ResourceParsedEvent
JUnit Plugin : class net.javacoding.jspider.api.event.resource.ResourceFetchedEvent
JUnit Plugin : class net.javacoding.jspider.api.event.resource.ResourceDiscoveredEvent
JUnit Plugin : class net.javacoding.jspider.api.event.resource.ResourceReferenceDiscoveredEvent
JUnit Plugin : class net.javacoding.jspider.api.event.resource.ResourceParsedEvent
JUnit Plugin : class net.javacoding.jspider.api.event.resource.ResourceFetchedEvent
JUnit Plugin : class net.javacoding.jspider.api.event.resource.EMailAddressDiscoveredEvent
JUnit Plugin : class net.javacoding.jspider.api.event.resource.EMailAddressReferenceDiscoveredEvent
JUnit Plugin : class net.javacoding.jspider.api.event.resource.ResourceParsedEvent
JUnit Plugin : class net.javacoding.jspider.api.event.engine.SpideringSummaryEvent
JUnit Plugin : class net.javacoding.jspider.api.event.engine.SpideringStoppedEvent
]]></system-out>

      <system-err><![CDATA[setUp
[Engine] jspider.home=.
[Engine] default output folder=./output
[Engine] starting with configuration 'unittest'
tearDown
]]></system-err>

  </testsuite>
  <testsuite errors="0" failures="0" name="FetchTest" package="net.javacoding.jspider.functional.specific.fetch" tests="6" time="7.835">
  
    <properties>
[...]
</properties>

      <testcase name="testSimpleFetch" time="1.563"></testcase>

      <testcase name="testFetchUnexisting" time="1.002"></testcase>

      <testcase name="testFetchRedirect" time="1.431"></testcase>

      <testcase name="testFetch500" time="0.966"></testcase>

      <testcase name="testFetch404" time="0.97"></testcase>

      <testcase name="testFetchNullSizeResource" time="0.908"></testcase>

      <system-out><![CDATA[JUnit Plugin : class net.javacoding.jspider.api.event.engine.SpideringStartedEvent
JUnit Plugin : class net.javacoding.jspider.api.event.site.SiteDiscoveredEvent
JUnit Plugin : class net.javacoding.jspider.api.event.resource.ResourceDiscoveredEvent
JUnit Plugin : class net.javacoding.jspider.api.event.resource.ResourceDiscoveredEvent
JUnit Plugin : class net.javacoding.jspider.api.event.resource.ResourceFetchedEvent
JUnit Plugin : class net.javacoding.jspider.api.event.site.RobotsTXTFetchedEvent
JUnit Plugin : class net.javacoding.jspider.api.event.site.UserAgentObeyedEvent
JUnit Plugin : class net.javacoding.jspider.api.event.resource.ResourceFetchedEvent
JUnit Plugin : class net.javacoding.jspider.api.event.resource.ResourceParsedEvent
JUnit Plugin : class net.javacoding.jspider.api.event.engine.SpideringSummaryEvent
JUnit Plugin : class net.javacoding.jspider.api.event.engine.SpideringStoppedEvent
JUnit Plugin : class net.javacoding.jspider.api.event.engine.SpideringStartedEvent
JUnit Plugin : class net.javacoding.jspider.api.event.site.SiteDiscoveredEvent
JUnit Plugin : class net.javacoding.jspider.api.event.resource.ResourceDiscoveredEvent
JUnit Plugin : class net.javacoding.jspider.api.event.resource.ResourceDiscoveredEvent
JUnit Plugin : class net.javacoding.jspider.api.event.resource.ResourceFetchedEvent
JUnit Plugin : class net.javacoding.jspider.api.event.site.RobotsTXTFetchedEvent
JUnit Plugin : class net.javacoding.jspider.api.event.site.UserAgentObeyedEvent
JUnit Plugin : class net.javacoding.jspider.api.event.resource.ResourceFetchErrorEvent
net.javacoding.jspider.api.event.resource.ResourceFetchErrorEvent resource http://j-spider.sourceforge.net/testcases/specific/fetch/unexisting.html couldn't be fetched [404]
JUnit Plugin : class net.javacoding.jspider.api.event.engine.SpideringSummaryEvent
JUnit Plugin : class net.javacoding.jspider.api.event.engine.SpideringStoppedEvent
JUnit Plugin : class net.javacoding.jspider.api.event.engine.SpideringStartedEvent
JUnit Plugin : class net.javacoding.jspider.api.event.site.SiteDiscoveredEvent
JUnit Plugin : class net.javacoding.jspider.api.event.resource.ResourceDiscoveredEvent
JUnit Plugin : class net.javacoding.jspider.api.event.resource.ResourceDiscoveredEvent
JUnit Plugin : class net.javacoding.jspider.api.event.resource.ResourceFetchedEvent
JUnit Plugin : class net.javacoding.jspider.api.event.site.RobotsTXTFetchedEvent
JUnit Plugin : class net.javacoding.jspider.api.event.site.UserAgentObeyedEvent
JUnit Plugin : class net.javacoding.jspider.api.event.resource.ResourceDiscoveredEvent
JUnit Plugin : class net.javacoding.jspider.api.event.resource.ResourceReferenceDiscoveredEvent
JUnit Plugin : class net.javacoding.jspider.api.event.resource.ResourceFetchedEvent
JUnit Plugin : class net.javacoding.jspider.api.event.resource.ResourceParsedEvent
JUnit Plugin : class net.javacoding.jspider.api.event.resource.ResourceFetchedEvent
JUnit Plugin : class net.javacoding.jspider.api.event.resource.ResourceParsedEvent
JUnit Plugin : class net.javacoding.jspider.api.event.engine.SpideringSummaryEvent
JUnit Plugin : class net.javacoding.jspider.api.event.engine.SpideringStoppedEvent
JUnit Plugin : class net.javacoding.jspider.api.event.engine.SpideringStartedEvent
JUnit Plugin : class net.javacoding.jspider.api.event.site.SiteDiscoveredEvent
JUnit Plugin : class net.javacoding.jspider.api.event.resource.ResourceDiscoveredEvent
JUnit Plugin : class net.javacoding.jspider.api.event.resource.ResourceDiscoveredEvent
JUnit Plugin : class net.javacoding.jspider.api.event.resource.ResourceFetchedEvent
JUnit Plugin : class net.javacoding.jspider.api.event.site.RobotsTXTFetchedEvent
JUnit Plugin : class net.javacoding.jspider.api.event.site.UserAgentObeyedEvent
JUnit Plugin : class net.javacoding.jspider.api.event.resource.ResourceFetchErrorEvent
net.javacoding.jspider.api.event.resource.ResourceFetchErrorEvent resource http://j-spider.sourceforge.net/testcases/specific/fetch/testFetch500.php couldn't be fetched [500]
JUnit Plugin : class net.javacoding.jspider.api.event.engine.SpideringSummaryEvent
JUnit Plugin : class net.javacoding.jspider.api.event.engine.SpideringStoppedEvent
JUnit Plugin : class net.javacoding.jspider.api.event.engine.SpideringStartedEvent
JUnit Plugin : class net.javacoding.jspider.api.event.site.SiteDiscoveredEvent
JUnit Plugin : class net.javacoding.jspider.api.event.resource.ResourceDiscoveredEvent
JUnit Plugin : class net.javacoding.jspider.api.event.resource.ResourceDiscoveredEvent
JUnit Plugin : class net.javacoding.jspider.api.event.resource.ResourceFetchedEvent
JUnit Plugin : class net.javacoding.jspider.api.event.site.RobotsTXTFetchedEvent
JUnit Plugin : class net.javacoding.jspider.api.event.site.UserAgentObeyedEvent
JUnit Plugin : class net.javacoding.jspider.api.event.resource.ResourceFetchErrorEvent
net.javacoding.jspider.api.event.resource.ResourceFetchErrorEvent resource http://j-spider.sourceforge.net/testcases/specific/fetch/testFetch404.php couldn't be fetched [404]
JUnit Plugin : class net.javacoding.jspider.api.event.engine.SpideringSummaryEvent
JUnit Plugin : class net.javacoding.jspider.api.event.engine.SpideringStoppedEvent
JUnit Plugin : class net.javacoding.jspider.api.event.engine.SpideringStartedEvent
JUnit Plugin : class net.javacoding.jspider.api.event.site.SiteDiscoveredEvent
JUnit Plugin : class net.javacoding.jspider.api.event.resource.ResourceDiscoveredEvent
JUnit Plugin : class net.javacoding.jspider.api.event.resource.ResourceDiscoveredEvent
JUnit Plugin : class net.javacoding.jspider.api.event.resource.ResourceFetchedEvent
JUnit Plugin : class net.javacoding.jspider.api.event.site.RobotsTXTFetchedEvent
JUnit Plugin : class net.javacoding.jspider.api.event.site.UserAgentObeyedEvent
JUnit Plugin : class net.javacoding.jspider.api.event.resource.ResourceFetchedEvent
JUnit Plugin : class net.javacoding.jspider.api.event.resource.ResourceParsedEvent
JUnit Plugin : class net.javacoding.jspider.api.event.engine.SpideringSummaryEvent
JUnit Plugin : class net.javacoding.jspider.api.event.engine.SpideringStoppedEvent
]]></system-out>

      <system-err><![CDATA[setUp
[Engine] jspider.home=.
[Engine] default output folder=./output
[Engine] starting with configuration 'unittest'
tearDown
setUp
[Engine] jspider.home=.
[Engine] default output folder=./output
[Engine] starting with configuration 'unittest'
tearDown
setUp
[Engine] jspider.home=.
[Engine] default output folder=./output
[Engine] starting with configuration 'unittest'
tearDown
setUp
[Engine] jspider.home=.
[Engine] default output folder=./output
[Engine] starting with configuration 'unittest'
tearDown
setUp
[Engine] jspider.home=.
[Engine] default output folder=./output
[Engine] starting with configuration 'unittest'
tearDown
setUp
[Engine] jspider.home=.
[Engine] default output folder=./output
[Engine] starting with configuration 'unittest'
tearDown
]]></system-err>

  </testsuite>
</testsuites>
